
Best score of generation 0 is 230.4
Best score of generation 1 is 243.2
Best score of generation 2 is 204.8
Best score of generation 3 is 294.4
Best score of generation 4 is 256.0
Best score of generation 5 is 243.2
Traceback (most recent call last):
  File "C:\Users\mor35\AppData\Local\Programs\Python\Python310\lib\inspect.py", line 2853, in apply_defaults
    new_arguments.append((name, arguments[name]))
KeyError: 'copy'
During handling of the above exception, another exception occurred:
Traceback (most recent call last):
  File "C:\Users\mor35\Documents\2048_ea\new_version\main.py", line 28, in <module>
    chromosome.fitness()  # update the fitness and game score
  File "C:\Users\mor35\Documents\2048_ea\new_version\Agent.py", line 82, in fitness
    fitness_score, game_score = game.play(self)
  File "C:\Users\mor35\Documents\2048_ea\new_version\game.py", line 20, in play
    op_list = agent.run(mat)
  File "C:\Users\mor35\Documents\2048_ea\new_version\Agent.py", line 53, in run
    preprocessed_vector = preprocessing.normalize([input_vector]).reshape(-1, 16).squeeze()
  File "C:\Users\mor35\Documents\2048_ea\venv\lib\site-packages\sklearn\utils\_param_validation.py", line 192, in wrapper
    params.apply_defaults()
  File "C:\Users\mor35\AppData\Local\Programs\Python\Python310\lib\inspect.py", line 2853, in apply_defaults
    new_arguments.append((name, arguments[name]))
KeyboardInterrupt